C:\TEMP\SNAPPY\SOURCE\BIN\WIN32\RELEASE\SNAPPYDL.X86.DLL
C:\temp\snappy\source\bin\Win32\Release\SnappyDL.x86.exp
C:\temp\snappy\source\bin\Win32\Release\SnappyDL.x86.lib
C:\TEMP\SNAPPY\SOURCE\BIN\WIN32\RELEASE\SNAPPYDL.X86.PDB
C:\temp\snappy\source\SnappyDL\obj\Win32\Release\cl.command.1.tlog
C:\temp\snappy\source\SnappyDL\obj\Win32\Release\CL.read.1.tlog
C:\temp\snappy\source\SnappyDL\obj\Win32\Release\CL.write.1.tlog
C:\TEMP\SNAPPY\SOURCE\SNAPPYDL\OBJ\WIN32\RELEASE\DLLMAIN.OBJ
C:\temp\snappy\source\SnappyDL\obj\Win32\Release\link.command.1.tlog
C:\temp\snappy\source\SnappyDL\obj\Win32\Release\link.read.1.tlog
C:\temp\snappy\source\SnappyDL\obj\Win32\Release\link.write.1.tlog
C:\temp\snappy\source\SnappyDL\obj\Win32\Release\link-cvtres.read.1.tlog
C:\temp\snappy\source\SnappyDL\obj\Win32\Release\link-cvtres.write.1.tlog
C:\temp\snappy\source\SnappyDL\obj\Win32\Release\mt.command.1.tlog
C:\temp\snappy\source\SnappyDL\obj\Win32\Release\mt.read.1.tlog
C:\temp\snappy\source\SnappyDL\obj\Win32\Release\mt.write.1.tlog
C:\temp\snappy\source\SnappyDL\obj\Win32\Release\rc.command.1.tlog
C:\temp\snappy\source\SnappyDL\obj\Win32\Release\rc.read.1.tlog
C:\temp\snappy\source\SnappyDL\obj\Win32\Release\rc.write.1.tlog
C:\TEMP\SNAPPY\SOURCE\SNAPPYDL\OBJ\WIN32\RELEASE\SNAPPY.OBJ
C:\TEMP\SNAPPY\SOURCE\SNAPPYDL\OBJ\WIN32\RELEASE\SNAPPY-C.OBJ
C:\TEMP\SNAPPY\SOURCE\SNAPPYDL\OBJ\WIN32\RELEASE\SNAPPYDL.RES
C:\temp\snappy\source\SnappyDL\obj\Win32\Release\SnappyDL.write.1.tlog
C:\TEMP\SNAPPY\SOURCE\SNAPPYDL\OBJ\WIN32\RELEASE\SNAPPYDL.X86.DLL.INTERMEDIATE.MANIFEST
C:\TEMP\SNAPPY\SOURCE\SNAPPYDL\OBJ\WIN32\RELEASE\SNAPPY-SINKSOURCE.OBJ
C:\TEMP\SNAPPY\SOURCE\SNAPPYDL\OBJ\WIN32\RELEASE\SNAPPY-STUBS-INTERNAL.OBJ
C:\TEMP\SNAPPY\SOURCE\SNAPPYDL\OBJ\WIN32\RELEASE\VC100.PDB
