Build started 9/24/2013 11:41:03 PM.
     1>Project "C:\temp\snappy\source\SnappyDL\SnappyDL.vcxproj" on node 2 (build target(s)).
     1>InitializeBuildStatus:
         Touching "obj\Win32\Release\SnappyDL.unsuccessfulbuild".
       ClCompile:
         c:\Program Files (x86)\Microsoft Visual Studio 9.0\VC\bin\CL.exe /c /Zi /nologo /W3 /WX- /O2 /Oi /Ot /Oy- /GL /D WIN32 /D NDEBUG /D _WINDOWS /D _USRDLL /D _WINDLL /D _UNICODE /D UNICODE /Gm- /EHsc /MD /GS /Gy /fp:precise /Zc:wchar_t /Zc:forScope /Fo"obj\Win32\Release\\" /Fd"obj\Win32\Release\vc90.pdb" /Gd /TP /FIconfigure.h /analyze- /errorReport:prompt "..\..\original\snappy-c.cc" "..\..\original\snappy-stubs-internal.cc" ..\..\original\snappy.cc
         snappy-c.cc
         snappy-stubs-internal.cc
     1>c:\temp\snappy\original\snappy-stubs-internal.h(424): warning C4244: 'return' : conversion from '__uint64' to 'int', possible loss of data
         snappy.cc
     1>c:\temp\snappy\original\snappy-stubs-internal.h(424): warning C4244: 'return' : conversion from '__uint64' to 'int', possible loss of data
     1>..\..\original\snappy.cc(1004): warning C4018: '<=' : signed/unsigned mismatch
       ResourceCompile:
         C:\Program Files (x86)\Microsoft SDKs\Windows\v7.0A\bin\rc.exe /D _UNICODE /D UNICODE /l"0x0409" /fo"obj\Win32\Release\SnappyDL.res" SnappyDL.rc 
         Microsoft (R) Windows (R) Resource Compiler Version 6.1.7600.16385
         
         Copyright (C) Microsoft Corporation.  All rights reserved.
         
         
       Link:
         c:\Program Files (x86)\Microsoft Visual Studio 9.0\VC\bin\link.exe /ERRORREPORT:PROMPT /OUT:"C:\temp\snappy\source\bin\Win32\Release\SnappyDL.x86.dll" /INCREMENTAL:NO /NOLOGO kernel32.lib user32.lib gdi32.lib winspool.lib comdlg32.lib advapi32.lib shell32.lib ole32.lib oleaut32.lib uuid.lib odbc32.lib odbccp32.lib /MANIFEST /ManifestFile:"obj\Win32\Release\SnappyDL.x86.dll.intermediate.manifest" /MANIFESTUAC:"level='asInvoker' uiAccess='false'" /DEBUG /PDB:"C:\temp\snappy\source\bin\Win32\Release\SnappyDL.x86.pdb" /SUBSYSTEM:WINDOWS /OPT:REF /OPT:ICF /LTCG /TLBID:1 /DYNAMICBASE /NXCOMPAT /IMPLIB:"C:\temp\snappy\source\bin\Win32\Release\SnappyDL.x86.lib" /MACHINE:X86 /DLL obj\Win32\Release\SnappyDL.res
         "obj\Win32\Release\snappy-c.obj"
         "obj\Win32\Release\snappy-sinksource.obj"
         "obj\Win32\Release\snappy-stubs-internal.obj"
         obj\Win32\Release\snappy.obj
         obj\Win32\Release\dllmain.obj
            Creating library C:\temp\snappy\source\bin\Win32\Release\SnappyDL.x86.lib and object C:\temp\snappy\source\bin\Win32\Release\SnappyDL.x86.exp
         Generating code
         Finished generating code
         SnappyDL.vcxproj -> C:\temp\snappy\source\bin\Win32\Release\SnappyDL.x86.dll
       Manifest:
         C:\Program Files (x86)\Microsoft SDKs\Windows\v7.0A\bin\mt.exe /nologo /verbose /outputresource:"C:\temp\snappy\source\bin\Win32\Release\SnappyDL.x86.dll;#2" /manifest obj\Win32\Release\SnappyDL.x86.dll.intermediate.manifest
       FinalizeBuildStatus:
         Deleting file "obj\Win32\Release\SnappyDL.unsuccessfulbuild".
         Touching "obj\Win32\Release\SnappyDL.lastbuildstate".
     1>Done Building Project "C:\temp\snappy\source\SnappyDL\SnappyDL.vcxproj" (build target(s)).

Build succeeded.

Time Elapsed 00:00:05.10
